<?xml version="1.0" encoding="UTF-8"?>
<!-- Generated by org.testng.reporters.JUnitReportReporter -->
<testsuite skipped="0" hostname="WKWIN9944820" name="TestCases.AddToCartTestcases" tests="2" failures="0" timestamp="23 Jul 2019 05:07:17 GMT" time="41.861" errors="0">
  <testcase name="SearchProduct" time="4.737" classname="TestCases.AddToCartTestcases"/>
  <testcase name="AddProductToCart" time="37.124" classname="TestCases.AddToCartTestcases"/>
</testsuite> <!-- TestCases.AddToCartTestcases -->
